25-10-13 16:33:12.667 [cluster-rtt-ClusterId{value='68eccc85123d041c527b2d57', description='null'}-ac-acci3ne-shard-00-00.ojpqnyw.mongodb.net:27017] INFO  org.mongodb.driver.connection - Opened connection [connectionId{localValue:20, serverValue:112080}] to ac-acci3ne-shard-00-00.ojpqnyw.mongodb.net:27017 
25-10-13 16:33:20.820 [cluster-rtt-ClusterId{value='68eccc85123d041c527b2d57', description='null'}-ac-acci3ne-shard-00-02.ojpqnyw.mongodb.net:27017] INFO  org.mongodb.driver.connection - Opened connection [connectionId{localValue:22, serverValue:111038}] to ac-acci3ne-shard-00-02.ojpqnyw.mongodb.net:27017 
25-10-13 16:33:20.830 [cluster-rtt-ClusterId{value='68eccc85123d041c527b2d57', description='null'}-ac-acci3ne-shard-00-01.ojpqnyw.mongodb.net:27017] INFO  org.mongodb.driver.connection - Opened connection [connectionId{localValue:21, serverValue:124308}] to ac-acci3ne-shard-00-01.ojpqnyw.mongodb.net:27017 
25-10-13 16:33:29.474 [cluster-ClusterId{value='68eccc85123d041c527b2d57', description='null'}-ac-acci3ne-shard-00-02.ojpqnyw.mongodb.net:27017] INFO  org.mongodb.driver.cluster - Exception in monitor thread while connecting to server ac-acci3ne-shard-00-02.ojpqnyw.mongodb.net:27017 
com.mongodb.MongoSocketReadTimeoutException: Timeout while receiving message
	at com.mongodb.internal.connection.InternalStreamConnection.translateReadException(InternalStreamConnection.java:696)
	at com.mongodb.internal.connection.InternalStreamConnection.receiveMessageWithAdditionalTimeout(InternalStreamConnection.java:574)
	at com.mongodb.internal.connection.InternalStreamConnection.receiveCommandMessageResponse(InternalStreamConnection.java:410)
	at com.mongodb.internal.connection.InternalStreamConnection.receive(InternalStreamConnection.java:369)
	at com.mongodb.internal.connection.DefaultServerMonitor$ServerMonitorRunnable.lookupServerDescription(DefaultServerMonitor.java:221)
	at com.mongodb.internal.connection.DefaultServerMonitor$ServerMonitorRunnable.run(DefaultServerMonitor.java:157)
	at java.base/java.lang.Thread.run(Thread.java:840)
Caused by: java.net.SocketTimeoutException: Read timed out
	at java.base/sun.nio.ch.NioSocketImpl.timedRead(NioSocketImpl.java:288)
	at java.base/sun.nio.ch.NioSocketImpl.implRead(NioSocketImpl.java:314)
	at java.base/sun.nio.ch.NioSocketImpl.read(NioSocketImpl.java:355)
	at java.base/sun.nio.ch.NioSocketImpl$1.read(NioSocketImpl.java:808)
	at java.base/java.net.Socket$SocketInputStream.read(Socket.java:966)
	at java.base/sun.security.ssl.SSLSocketInputRecord.read(SSLSocketInputRecord.java:484)
	at java.base/sun.security.ssl.SSLSocketInputRecord.readHeader(SSLSocketInputRecord.java:478)
	at java.base/sun.security.ssl.SSLSocketInputRecord.bytesInCompletePacket(SSLSocketInputRecord.java:70)
	at java.base/sun.security.ssl.SSLSocketImpl.readApplicationRecord(SSLSocketImpl.java:1465)
	at java.base/sun.security.ssl.SSLSocketImpl$AppInputStream.read(SSLSocketImpl.java:1069)
	at com.mongodb.internal.connection.SocketStream.read(SocketStream.java:110)
	at com.mongodb.internal.connection.SocketStream.read(SocketStream.java:135)
	at com.mongodb.internal.connection.InternalStreamConnection.receiveResponseBuffers(InternalStreamConnection.java:713)
	at com.mongodb.internal.connection.InternalStreamConnection.receiveMessageWithAdditionalTimeout(InternalStreamConnection.java:571)
	... 5 common frames omitted
25-10-13 16:33:29.474 [cluster-ClusterId{value='68eccc85123d041c527b2d57', description='null'}-ac-acci3ne-shard-00-01.ojpqnyw.mongodb.net:27017] INFO  org.mongodb.driver.cluster - Exception in monitor thread while connecting to server ac-acci3ne-shard-00-01.ojpqnyw.mongodb.net:27017 
com.mongodb.MongoSocketReadTimeoutException: Timeout while receiving message
	at com.mongodb.internal.connection.InternalStreamConnection.translateReadException(InternalStreamConnection.java:696)
	at com.mongodb.internal.connection.InternalStreamConnection.receiveMessageWithAdditionalTimeout(InternalStreamConnection.java:574)
	at com.mongodb.internal.connection.InternalStreamConnection.receiveCommandMessageResponse(InternalStreamConnection.java:410)
	at com.mongodb.internal.connection.InternalStreamConnection.receive(InternalStreamConnection.java:369)
	at com.mongodb.internal.connection.DefaultServerMonitor$ServerMonitorRunnable.lookupServerDescription(DefaultServerMonitor.java:221)
	at com.mongodb.internal.connection.DefaultServerMonitor$ServerMonitorRunnable.run(DefaultServerMonitor.java:157)
	at java.base/java.lang.Thread.run(Thread.java:840)
Caused by: java.net.SocketTimeoutException: Read timed out
	at java.base/sun.nio.ch.NioSocketImpl.timedRead(NioSocketImpl.java:288)
	at java.base/sun.nio.ch.NioSocketImpl.implRead(NioSocketImpl.java:314)
	at java.base/sun.nio.ch.NioSocketImpl.read(NioSocketImpl.java:355)
	at java.base/sun.nio.ch.NioSocketImpl$1.read(NioSocketImpl.java:808)
	at java.base/java.net.Socket$SocketInputStream.read(Socket.java:966)
	at java.base/sun.security.ssl.SSLSocketInputRecord.read(SSLSocketInputRecord.java:484)
	at java.base/sun.security.ssl.SSLSocketInputRecord.readHeader(SSLSocketInputRecord.java:478)
	at java.base/sun.security.ssl.SSLSocketInputRecord.bytesInCompletePacket(SSLSocketInputRecord.java:70)
	at java.base/sun.security.ssl.SSLSocketImpl.readApplicationRecord(SSLSocketImpl.java:1465)
	at java.base/sun.security.ssl.SSLSocketImpl$AppInputStream.read(SSLSocketImpl.java:1069)
	at com.mongodb.internal.connection.SocketStream.read(SocketStream.java:110)
	at com.mongodb.internal.connection.SocketStream.read(SocketStream.java:135)
	at com.mongodb.internal.connection.InternalStreamConnection.receiveResponseBuffers(InternalStreamConnection.java:713)
	at com.mongodb.internal.connection.InternalStreamConnection.receiveMessageWithAdditionalTimeout(InternalStreamConnection.java:571)
	... 5 common frames omitted
25-10-13 16:33:29.475 [cluster-ClusterId{value='68eccc85123d041c527b2d57', description='null'}-ac-acci3ne-shard-00-00.ojpqnyw.mongodb.net:27017] INFO  org.mongodb.driver.cluster - Exception in monitor thread while connecting to server ac-acci3ne-shard-00-00.ojpqnyw.mongodb.net:27017 
com.mongodb.MongoSocketReadTimeoutException: Timeout while receiving message
	at com.mongodb.internal.connection.InternalStreamConnection.translateReadException(InternalStreamConnection.java:696)
	at com.mongodb.internal.connection.InternalStreamConnection.receiveMessageWithAdditionalTimeout(InternalStreamConnection.java:574)
	at com.mongodb.internal.connection.InternalStreamConnection.receiveCommandMessageResponse(InternalStreamConnection.java:410)
	at com.mongodb.internal.connection.InternalStreamConnection.receive(InternalStreamConnection.java:369)
	at com.mongodb.internal.connection.DefaultServerMonitor$ServerMonitorRunnable.lookupServerDescription(DefaultServerMonitor.java:221)
	at com.mongodb.internal.connection.DefaultServerMonitor$ServerMonitorRunnable.run(DefaultServerMonitor.java:157)
	at java.base/java.lang.Thread.run(Thread.java:840)
Caused by: java.net.SocketTimeoutException: Read timed out
	at java.base/sun.nio.ch.NioSocketImpl.timedRead(NioSocketImpl.java:288)
	at java.base/sun.nio.ch.NioSocketImpl.implRead(NioSocketImpl.java:314)
	at java.base/sun.nio.ch.NioSocketImpl.read(NioSocketImpl.java:355)
	at java.base/sun.nio.ch.NioSocketImpl$1.read(NioSocketImpl.java:808)
	at java.base/java.net.Socket$SocketInputStream.read(Socket.java:966)
	at java.base/sun.security.ssl.SSLSocketInputRecord.read(SSLSocketInputRecord.java:484)
	at java.base/sun.security.ssl.SSLSocketInputRecord.readHeader(SSLSocketInputRecord.java:478)
	at java.base/sun.security.ssl.SSLSocketInputRecord.bytesInCompletePacket(SSLSocketInputRecord.java:70)
	at java.base/sun.security.ssl.SSLSocketImpl.readApplicationRecord(SSLSocketImpl.java:1465)
	at java.base/sun.security.ssl.SSLSocketImpl$AppInputStream.read(SSLSocketImpl.java:1069)
	at com.mongodb.internal.connection.SocketStream.read(SocketStream.java:110)
	at com.mongodb.internal.connection.SocketStream.read(SocketStream.java:135)
	at com.mongodb.internal.connection.InternalStreamConnection.receiveResponseBuffers(InternalStreamConnection.java:713)
	at com.mongodb.internal.connection.InternalStreamConnection.receiveMessageWithAdditionalTimeout(InternalStreamConnection.java:571)
	... 5 common frames omitted
25-10-13 16:33:29.623 [cluster-ClusterId{value='68eccc85123d041c527b2d57', description='null'}-ac-acci3ne-shard-00-00.ojpqnyw.mongodb.net:27017] INFO  org.mongodb.driver.connection - Opened connection [connectionId{localValue:24, serverValue:112081}] to ac-acci3ne-shard-00-00.ojpqnyw.mongodb.net:27017 
25-10-13 16:33:29.624 [cluster-ClusterId{value='68eccc85123d041c527b2d57', description='null'}-ac-acci3ne-shard-00-00.ojpqnyw.mongodb.net:27017] INFO  org.mongodb.driver.cluster - Monitor thread successfully connected to server with description ServerDescription{address=ac-acci3ne-shard-00-00.ojpqnyw.mongodb.net:27017, type=REPLICA_SET_SECONDARY, state=CONNECTED, ok=true, minWireVersion=0, maxWireVersion=25, maxDocumentSize=16777216, logicalSessionTimeoutMinutes=30, roundTripTimeNanos=96505292, setName='atlas-12n6zu-shard-0', canonicalAddress=ac-acci3ne-shard-00-00.ojpqnyw.mongodb.net:27017, hosts=[ac-acci3ne-shard-00-00.ojpqnyw.mongodb.net:27017, ac-acci3ne-shard-00-02.ojpqnyw.mongodb.net:27017, ac-acci3ne-shard-00-01.ojpqnyw.mongodb.net:27017], passives=[], arbiters=[], primary='ac-acci3ne-shard-00-01.ojpqnyw.mongodb.net:27017', tagSet=TagSet{[Tag{name='availabilityZone', value='aps1-az1'}, Tag{name='diskState', value='READY'}, Tag{name='nodeType', value='ELECTABLE'}, Tag{name='provider', value='AWS'}, Tag{name='region', value='AP_SOUTH_1'}, Tag{name='workloadType', value='OPERATIONAL'}]}, electionId=null, setVersion=4, topologyVersion=TopologyVersion{processId=68e6851e6c294c2570e4d560, counter=4}, lastWriteDate=Mon Oct 13 16:33:25 IST 2025, lastUpdateTimeNanos=14709004859625} 
25-10-13 16:33:29.635 [cluster-ClusterId{value='68eccc85123d041c527b2d57', description='null'}-ac-acci3ne-shard-00-02.ojpqnyw.mongodb.net:27017] INFO  org.mongodb.driver.connection - Opened connection [connectionId{localValue:23, serverValue:111026}] to ac-acci3ne-shard-00-02.ojpqnyw.mongodb.net:27017 
25-10-13 16:33:29.635 [cluster-ClusterId{value='68eccc85123d041c527b2d57', description='null'}-ac-acci3ne-shard-00-01.ojpqnyw.mongodb.net:27017] INFO  org.mongodb.driver.connection - Opened connection [connectionId{localValue:25, serverValue:124308}] to ac-acci3ne-shard-00-01.ojpqnyw.mongodb.net:27017 
25-10-13 16:33:29.636 [cluster-ClusterId{value='68eccc85123d041c527b2d57', description='null'}-ac-acci3ne-shard-00-01.ojpqnyw.mongodb.net:27017] INFO  org.mongodb.driver.cluster - Monitor thread successfully connected to server with description ServerDescription{address=ac-acci3ne-shard-00-01.ojpqnyw.mongodb.net:27017, type=REPLICA_SET_PRIMARY, state=CONNECTED, ok=true, minWireVersion=0, maxWireVersion=25, maxDocumentSize=16777216, logicalSessionTimeoutMinutes=30, roundTripTimeNanos=102785958, setName='atlas-12n6zu-shard-0', canonicalAddress=ac-acci3ne-shard-00-01.ojpqnyw.mongodb.net:27017, hosts=[ac-acci3ne-shard-00-00.ojpqnyw.mongodb.net:27017, ac-acci3ne-shard-00-02.ojpqnyw.mongodb.net:27017, ac-acci3ne-shard-00-01.ojpqnyw.mongodb.net:27017], passives=[], arbiters=[], primary='ac-acci3ne-shard-00-01.ojpqnyw.mongodb.net:27017', tagSet=TagSet{[Tag{name='availabilityZone', value='aps1-az3'}, Tag{name='diskState', value='READY'}, Tag{name='nodeType', value='ELECTABLE'}, Tag{name='provider', value='AWS'}, Tag{name='region', value='AP_SOUTH_1'}, Tag{name='workloadType', value='OPERATIONAL'}]}, electionId=7fffffff0000000000000010, setVersion=4, topologyVersion=TopologyVersion{processId=68e6855a18af4d2d45f5cfce, counter=6}, lastWriteDate=Mon Oct 13 16:33:25 IST 2025, lastUpdateTimeNanos=14709016870500} 
25-10-13 16:33:29.636 [cluster-ClusterId{value='68eccc85123d041c527b2d57', description='null'}-ac-acci3ne-shard-00-02.ojpqnyw.mongodb.net:27017] INFO  org.mongodb.driver.cluster - Monitor thread successfully connected to server with description ServerDescription{address=ac-acci3ne-shard-00-02.ojpqnyw.mongodb.net:27017, type=REPLICA_SET_SECONDARY, state=CONNECTED, ok=true, minWireVersion=0, maxWireVersion=25, maxDocumentSize=16777216, logicalSessionTimeoutMinutes=30, roundTripTimeNanos=102689750, setName='atlas-12n6zu-shard-0', canonicalAddress=ac-acci3ne-shard-00-02.ojpqnyw.mongodb.net:27017, hosts=[ac-acci3ne-shard-00-00.ojpqnyw.mongodb.net:27017, ac-acci3ne-shard-00-02.ojpqnyw.mongodb.net:27017, ac-acci3ne-shard-00-01.ojpqnyw.mongodb.net:27017], passives=[], arbiters=[], primary='ac-acci3ne-shard-00-01.ojpqnyw.mongodb.net:27017', tagSet=TagSet{[Tag{name='availabilityZone', value='aps1-az2'}, Tag{name='diskState', value='READY'}, Tag{name='nodeType', value='ELECTABLE'}, Tag{name='provider', value='AWS'}, Tag{name='region', value='AP_SOUTH_1'}, Tag{name='workloadType', value='OPERATIONAL'}]}, electionId=null, setVersion=4, topologyVersion=TopologyVersion{processId=68e685969c0a1aac4df83549, counter=3}, lastWriteDate=Mon Oct 13 16:33:25 IST 2025, lastUpdateTimeNanos=14709016870666} 
25-10-13 16:33:29.637 [cluster-ClusterId{value='68eccc85123d041c527b2d57', description='null'}-ac-acci3ne-shard-00-01.ojpqnyw.mongodb.net:27017] INFO  org.mongodb.driver.cluster - Discovered replica set primary ac-acci3ne-shard-00-01.ojpqnyw.mongodb.net:27017 
